Active-HDL 13.0.376.8320 2023-04-09 23:39:57

Elaboration top modules:
Architecture                  matrix_arch(matrix)


---------------------------------------------------------------------------------------------
Entity   | Architecture | Library   | Info | Compiler Version          | Compilation Options
---------------------------------------------------------------------------------------------
matrix   | matrix_arch  | matrixlib |      | 13.0.376.8320 (Windows64) | -O3
---------------------------------------------------------------------------------------------

---------------------------------------------------------------------------------------------
VHDL Package            | Library   | Info | Compiler Version          | Compilation Options
---------------------------------------------------------------------------------------------
standard                | std       |      |                           | <unavailable>
TEXTIO                  | std       |      | 13.0.376.8320 (Windows64) |  -2019
std_logic_1164          | ieee      |      | 13.0.376.8320 (Windows64) |  -2008
std_logic_arith         | ieee      |      | 13.0.376.8320 (Windows64) | <unavailable>
STD_LOGIC_UNSIGNED      | ieee      |      | 13.0.376.8320 (Windows64) | <unavailable>
---------------------------------------------------------------------------------------------

---------------------------------------------------------------------------------------------
Library                 | Comment
---------------------------------------------------------------------------------------------
ieee                    | Standard IEEE packages library
matrixlib               | None
std                     | Standard VHDL library
---------------------------------------------------------------------------------------------
